<?xml version="1.0" encoding="UTF-8"?>
<!-- Generated by org.testng.reporters.JUnitReportReporter -->
<testsuite hostname="MSDT057" name="getRequest.GetData" tests="2" failures="0" timestamp="7 Jan 2020 15:31:57 GMT" time="3.367" errors="0">
  <testcase name="testResponsecode" time="2.462" classname="getRequest.GetData"/>
  <testcase name="testbody" time="0.905" classname="getRequest.GetData"/>
</testsuite> <!-- getRequest.GetData -->
